# JRE version: Java(TM) SE Runtime Environment (8.0_121-b13) (build 1.8.0_121-b13)
# Java VM: Java HotSpot(TM) 64-Bit Server VM (25.121-b13 mixed mode windows-amd64 compressed oops)
Heap:
 PSYoungGen      total 210432K, used 80232K [0x00000000eb180000, 0x00000000f9400000, 0x0000000100000000)
  eden space 198144K, 34% used [0x00000000eb180000,0x00000000ef41aac0,0x00000000f7300000)
  from space 12288K, 97% used [0x00000000f8800000,0x00000000f93bf618,0x00000000f9400000)
  to   space 14336K, 0% used [0x00000000f7800000,0x00000000f7800000,0x00000000f8600000)
 ParOldGen       total 47616K, used 14031K [0x00000000c1400000, 0x00000000c4280000, 0x00000000eb180000)
  object space 47616K, 29% used [0x00000000c1400000,0x00000000c21b3fb8,0x00000000c4280000)
 Metaspace       used 49044K, capacity 49530K, committed 49792K, reserved 1091584K
  class space    used 7071K, capacity 7208K, committed 7296K, reserved 1048576K
GC Heap History (10 events):
Event: 2.696 GC heap before
{Heap before GC invocations=6 (full 1):
 PSYoungGen      total 68096K, used 2540K [0x00000000eb180000, 0x00000000f4080000, 0x0000000100000000)
  eden space 65536K, 0% used [0x00000000eb180000,0x00000000eb180000,0x00000000ef180000)
  from space 2560K, 99% used [0x00000000ef180000,0x00000000ef3fb2a8,0x00000000ef400000)
  to   space 7680K, 0% used [0x00000000f3900000,0x00000000f3900000,0x00000000f4080000)
 ParOldGen       total 44032K, used 9727K [0x00000000c1400000, 0x00000000c3f00000, 0x00000000eb180000)
  object space 44032K, 22% used [0x00000000c1400000,0x00000000c1d7fc50,0x00000000c3f00000)
 Metaspace       used 20927K, capacity 21068K, committed 21296K, reserved 1067008K
  class space    used 2884K, capacity 2936K, committed 2944K, reserved 1048576K
Event: 2.724 GC heap after
Heap after GC invocations=6 (full 1):
 PSYoungGen      total 68096K, used 0K [0x00000000eb180000, 0x00000000f4080000, 0x0000000100000000)
  eden space 65536K, 0% used [0x00000000eb180000,0x00000000eb180000,0x00000000ef180000)
  from space 2560K, 0% used [0x00000000ef180000,0x00000000ef180000,0x00000000ef400000)
  to   space 7680K, 0% used [0x00000000f3900000,0x00000000f3900000,0x00000000f4080000)
 ParOldGen       total 32256K, used 6359K [0x00000000c1400000, 0x00000000c3380000, 0x00000000eb180000)
  object space 32256K, 19% used [0x00000000c1400000,0x00000000c1a35cb0,0x00000000c3380000)
 Metaspace       used 20927K, capacity 21068K, committed 21296K, reserved 1067008K
  class space    used 2884K, capacity 2936K, committed 2944K, reserved 1048576K
}
Event: 3.657 GC heap before
{Heap before GC invocations=7 (full 1):
 PSYoungGen      total 68096K, used 65536K [0x00000000eb180000, 0x00000000f4080000, 0x0000000100000000)
  eden space 65536K, 100% used [0x00000000eb180000,0x00000000ef180000,0x00000000ef180000)
  from space 2560K, 0% used [0x00000000ef180000,0x00000000ef180000,0x00000000ef400000)
  to   space 7680K, 0% used [0x00000000f3900000,0x00000000f3900000,0x00000000f4080000)
 ParOldGen       total 32256K, used 6359K [0x00000000c1400000, 0x00000000c3380000, 0x00000000eb180000)
  object space 32256K, 19% used [0x00000000c1400000,0x00000000c1a35cb0,0x00000000c3380000)
 Metaspace       used 28998K, capacity 29160K, committed 29440K, reserved 1075200K
  class space    used 3995K, capacity 4070K, committed 4096K, reserved 1048576K
Event: 3.692 GC heap after
Heap after GC invocations=7 (full 1):
 PSYoungGen      total 123904K, used 7670K [0x00000000eb180000, 0x00000000f4080000, 0x0000000100000000)
  eden space 116224K, 0% used [0x00000000eb180000,0x00000000eb180000,0x00000000f2300000)
  from space 7680K, 99% used [0x00000000f3900000,0x00000000f407d818,0x00000000f4080000)
  to   space 10240K, 0% used [0x00000000f2c80000,0x00000000f2c80000,0x00000000f3680000)
 ParOldGen       total 32256K, used 8101K [0x00000000c1400000, 0x00000000c3380000, 0x00000000eb180000)
  object space 32256K, 25% used [0x00000000c1400000,0x00000000c1be9478,0x00000000c3380000)
 Metaspace       used 28998K, capacity 29160K, committed 29440K, reserved 1075200K
  class space    used 3995K, capacity 4070K, committed 4096K, reserved 1048576K
}
Event: 4.728 GC heap before
{Heap before GC invocations=8 (full 1):
 PSYoungGen      total 123904K, used 59517K [0x00000000eb180000, 0x00000000f4080000, 0x0000000100000000)
  eden space 116224K, 44% used [0x00000000eb180000,0x00000000ee421df0,0x00000000f2300000)
  from space 7680K, 99% used [0x00000000f3900000,0x00000000f407d818,0x00000000f4080000)
  to   space 10240K, 0% used [0x00000000f2c80000,0x00000000f2c80000,0x00000000f3680000)
 ParOldGen       total 32256K, used 8101K [0x00000000c1400000, 0x00000000c3380000, 0x00000000eb180000)
  object space 32256K, 25% used [0x00000000c1400000,0x00000000c1be9478,0x00000000c3380000)
 Metaspace       used 35095K, capacity 35252K, committed 35456K, reserved 1079296K
  class space    used 4887K, capacity 4968K, committed 4992K, reserved 1048576K
Event: 4.779 GC heap after
Heap after GC invocations=8 (full 1):
 PSYoungGen      total 136192K, used 10236K [0x00000000eb180000, 0x00000000f9400000, 0x0000000100000000)
  eden space 125952K, 0% used [0x00000000eb180000,0x00000000eb180000,0x00000000f2c80000)
  from space 10240K, 99% used [0x00000000f2c80000,0x00000000f367f2d0,0x00000000f3680000)
  to   space 12288K, 0% used [0x00000000f8800000,0x00000000f8800000,0x00000000f9400000)
 ParOldGen       total 32256K, used 8760K [0x00000000c1400000, 0x00000000c3380000, 0x00000000eb180000)
  object space 32256K, 27% used [0x00000000c1400000,0x00000000c1c8e378,0x00000000c3380000)
 Metaspace       used 35095K, capacity 35252K, committed 35456K, reserved 1079296K
  class space    used 4887K, capacity 4968K, committed 4992K, reserved 1048576K
}
Event: 4.779 GC heap before
{Heap before GC invocations=9 (full 2):
 PSYoungGen      total 136192K, used 10236K [0x00000000eb180000, 0x00000000f9400000, 0x0000000100000000)
  eden space 125952K, 0% used [0x00000000eb180000,0x00000000eb180000,0x00000000f2c80000)
  from space 10240K, 99% used [0x00000000f2c80000,0x00000000f367f2d0,0x00000000f3680000)
  to   space 12288K, 0% used [0x00000000f8800000,0x00000000f8800000,0x00000000f9400000)
 ParOldGen       total 32256K, used 8760K [0x00000000c1400000, 0x00000000c3380000, 0x00000000eb180000)
  object space 32256K, 27% used [0x00000000c1400000,0x00000000c1c8e378,0x00000000c3380000)
 Metaspace       used 35095K, capacity 35252K, committed 35456K, reserved 1079296K
  class space    used 4887K, capacity 4968K, committed 4992K, reserved 1048576K
Event: 4.858 GC heap after
Heap after GC invocations=9 (full 2):
 PSYoungGen      total 136192K, used 0K [0x00000000eb180000, 0x00000000f9400000, 0x0000000100000000)
  eden space 125952K, 0% used [0x00000000eb180000,0x00000000eb180000,0x00000000f2c80000)
  from space 10240K, 0% used [0x00000000f2c80000,0x00000000f2c80000,0x00000000f3680000)
  to   space 12288K, 0% used [0x00000000f8800000,0x00000000f8800000,0x00000000f9400000)
 ParOldGen       total 47616K, used 14023K [0x00000000c1400000, 0x00000000c4280000, 0x00000000eb180000)
  object space 47616K, 29% used [0x00000000c1400000,0x00000000c21b1fb8,0x00000000c4280000)
 Metaspace       used 35095K, capacity 35252K, committed 35456K, reserved 1079296K
  class space    used 4887K, capacity 4968K, committed 4992K, reserved 1048576K
}
Event: 6.347 GC heap before
{Heap before GC invocations=10 (full 2):
 PSYoungGen      total 136192K, used 125952K [0x00000000eb180000, 0x00000000f9400000, 0x0000000100000000)
  eden space 125952K, 100% used [0x00000000eb180000,0x00000000f2c80000,0x00000000f2c80000)
  from space 10240K, 0% used [0x00000000f2c80000,0x00000000f2c80000,0x00000000f3680000)
  to   space 12288K, 0% used [0x00000000f8800000,0x00000000f8800000,0x00000000f9400000)
 ParOldGen       total 47616K, used 14023K [0x00000000c1400000, 0x00000000c4280000, 0x00000000eb180000)
  object space 47616K, 29% used [0x00000000c1400000,0x00000000c21b1fb8,0x00000000c4280000)
 Metaspace       used 46480K, capacity 46928K, committed 47104K, reserved 1089536K
  class space    used 6668K, capacity 6793K, committed 6912K, reserved 1048576K
Event: 6.371 GC heap after
Heap after GC invocations=10 (full 2):
 PSYoungGen      total 210432K, used 12029K [0x00000000eb180000, 0x00000000f9400000, 0x0000000100000000)
  eden space 198144K, 0% used [0x00000000eb180000,0x00000000eb180000,0x00000000f7300000)
  from space 12288K, 97% used [0x00000000f8800000,0x00000000f93bf618,0x00000000f9400000)
  to   space 14336K, 0% used [0x00000000f7800000,0x00000000f7800000,0x00000000f8600000)
 ParOldGen       total 47616K, used 14031K [0x00000000c1400000, 0x00000000c4280000, 0x00000000eb180000)
  object space 47616K, 29% used [0x00000000c1400000,0x00000000c21b3fb8,0x00000000c4280000)
 Metaspace       used 46480K, capacity 46928K, committed 47104K, reserved 1089536K
  class space    used 6668K, capacity 6793K, committed 6912K, reserved 1048576K
}

